app/build/outputs/logs/manifest-merger-debug-report.txt
-- Merging decision tree log ---
manifest
ADDED from src/main/AndroidManifest.xml:2:1-498:12
	xmlns:android
		ADDED from src/main/AndroidManifest.xml:2:11-69
	package
		ADDED from src/main/AndroidManifest.xml:3:5-33
		INJECTED from src/main/AndroidManifest.xml
		INJECTED from src/main/AndroidManifest.xml
	android:versionName
		ADDED from src/main/AndroidManifest.xml:5:5-30
		INJECTED from src/main/AndroidManifest.xml
		INJECTED from src/main/AndroidManifest.xml
	android:versionCode
		ADDED from src/main/AndroidManifest.xml:4:5-28
		INJECTED from src/main/AndroidManifest.xml
		INJECTED from src/main/AndroidManifest.xml
uses-sdk
ADDED from src/main/AndroidManifest.xml:7:5-9:41
MERGED from [com.android.support:support-v4:23.2.0] AndroidManifest.xml:20:5-43
MERGED from [com.android.support:appcompat-v7:23.1.1] AndroidManifest.xml:20:5-43
MERGED from [com.android.support:support-v4:23.2.0] AndroidManifest.xml:20:5-43
MERGED from [com.android.support:design:23.1.1] AndroidManifest.xml:20:5-43
MERGED from [com.android.support:appcompat-v7:23.1.1] AndroidManifest.xml:20:5-43
MERGED from [com.android.support:support-v4:23.2.0] AndroidManifest.xml:20:5-43
MERGED from [com.android.support:recyclerview-v7:23.1.1] AndroidManifest.xml:20:5-43
MERGED from [com.android.support:support-v4:23.2.0] AndroidManifest.xml:20:5-43
MERGED from [com.android.support:support-v4:23.2.0] AndroidManifest.xml:20:5-43
	android:targetSdkVersion
		ADDED from src/main/AndroidManifest.xml:9:9-38
		INJECTED from src/main/AndroidManifest.xml
		INJECTED from src/main/AndroidManifest.xml
	android:minSdkVersion
		ADDED from src/main/AndroidManifest.xml:8:9-35
		INJECTED from src/main/AndroidManifest.xml
		INJECTED from src/main/AndroidManifest.xml
uses-permission#android.permission.INTERNET
ADDED from src/main/AndroidManifest.xml:11:5-67
	android:name
		ADDED from src/main/AndroidManifest.xml:11:22-64
uses-permission#android.permission.GET_ACCOUNTS
ADDED from src/main/AndroidManifest.xml:12:5-71
	android:name
		ADDED from src/main/AndroidManifest.xml:12:22-68
uses-permission#com.mycompany.apps.permission.C2D_MESSAGE
ADDED from src/main/AndroidManifest.xml:14:5-16:47
	android:protectionLevel
		ADDED from src/main/AndroidManifest.xml:16:9-44
	android:name
		ADDED from src/main/AndroidManifest.xml:15:9-65
uses-permission#com.google.android.c2dm.permission.RECEIVE
ADDED from src/main/AndroidManifest.xml:18:5-82
	android:name
		ADDED from src/main/AndroidManifest.xml:18:22-79
uses-permission#android.permission.WAKE_LOCK
ADDED from src/main/AndroidManifest.xml:20:5-68
	android:name
		ADDED from src/main/AndroidManifest.xml:20:22-65
uses-permission#android.permission.READ_CONTACTS
ADDED from src/main/AndroidManifest.xml:21:5-72
	android:name
		ADDED from src/main/AndroidManifest.xml:21:22-69
uses-permission#android.permission.READ_PHONE_STATE
ADDED from src/main/AndroidManifest.xml:22:5-75
	android:name
		ADDED from src/main/AndroidManifest.xml:22:22-72
uses-permission#android.permission.READ_EXTERNAL_STORAGE
ADDED from src/main/AndroidManifest.xml:23:5-80
	android:name
		ADDED from src/main/AndroidManifest.xml:23:22-77
uses-permission#android.permission.RECEIVE_BOOT_COMPLETED
ADDED from src/main/AndroidManifest.xml:24:5-81
	android:name
		ADDED from src/main/AndroidManifest.xml:24:22-78
uses-permission#android.permission.DISABLE_KEYGUARD
ADDED from src/main/AndroidManifest.xml:25:4-73
	android:name
		ADDED from src/main/AndroidManifest.xml:25:21-71
uses-permission#android.permission.SYSTEM_ALERT_WINDOW
ADDED from src/main/AndroidManifest.xml:32:5-77
	android:name
		ADDED from src/main/AndroidManifest.xml:32:22-75
uses-permission#android.permission.MODIFY_AUDIO_SETTINGS
ADDED from src/main/AndroidManifest.xml:33:5-79
	android:name
		ADDED from src/main/AndroidManifest.xml:33:22-77
uses-permission#android.permission.WRITE_EXTERNAL_STORAGE
ADDED from src/main/AndroidManifest.xml:35:5-37:38
	android:maxSdkVersion
		ADDED from src/main/AndroidManifest.xml:37:9-35
	android:name
		ADDED from src/main/AndroidManifest.xml:36:9-65
application
ADDED from src/main/AndroidManifest.xml:39:5-496:19
MERGED from [com.android.support:support-v4:23.2.0] AndroidManifest.xml:22:5-20
MERGED from [com.android.support:appcompat-v7:23.1.1] AndroidManifest.xml:22:5-20
MERGED from [com.android.support:support-v4:23.2.0] AndroidManifest.xml:22:5-20
MERGED from [com.android.support:design:23.1.1] AndroidManifest.xml:22:5-20
MERGED from [com.android.support:appcompat-v7:23.1.1] AndroidManifest.xml:22:5-20
MERGED from [com.android.support:support-v4:23.2.0] AndroidManifest.xml:22:5-20
MERGED from [com.android.support:support-v4:23.2.0] AndroidManifest.xml:22:5-20
MERGED from [com.android.support:support-v4:23.2.0] AndroidManifest.xml:22:5-20
	android:windowSoftInputMode
		ADDED from src/main/AndroidManifest.xml:42:9-56
	android:label
		ADDED from src/main/AndroidManifest.xml:41:9-25
	android:icon
		ADDED from src/main/AndroidManifest.xml:40:9-35
activity#com.mycompany.apps.Activity_Installation
ADDED from src/main/AndroidManifest.xml:43:9-52:20
	android:screenOrientation
		ADDED from src/main/AndroidManifest.xml:46:13-50
	android:label
		ADDED from src/main/AndroidManifest.xml:45:13-29
	android:theme
		ADDED from src/main/AndroidManifest.xml:47:13-52
	android:name
		ADDED from src/main/AndroidManifest.xml:44:13-50
intent-filter#android.intent.action.MAIN+android.intent.category.LAUNCHER
ADDED from src/main/AndroidManifest.xml:48:13-51:29
action#android.intent.action.MAIN
ADDED from src/main/AndroidManifest.xml:49:17-69
	android:name
		ADDED from src/main/AndroidManifest.xml:49:25-66
category#android.intent.category.LAUNCHER
ADDED from src/main/AndroidManifest.xml:50:17-77
	android:name
		ADDED from src/main/AndroidManifest.xml:50:27-74
receiver#com.mycompany.apps.BootUpReceiver
ADDED from src/main/AndroidManifest.xml:54:9-62:20
	android:enabled
		ADDED from src/main/AndroidManifest.xml:54:19-41
	android:permission
		ADDED from src/main/AndroidManifest.xml:56:13-75
	android:name
		ADDED from src/main/AndroidManifest.xml:55:13-43
intent-filter#android.intent.action.BOOT_COMPLETED+android.intent.category.DEFAULT
ADDED from src/main/AndroidManifest.xml:58:13-61:29
action#android.intent.action.BOOT_COMPLETED
ADDED from src/main/AndroidManifest.xml:59:17-79
	android:name
		ADDED from src/main/AndroidManifest.xml:59:25-76
category#android.intent.category.DEFAULT
ADDED from src/main/AndroidManifest.xml:60:17-76
	android:name
		ADDED from src/main/AndroidManifest.xml:60:27-73
receiver#com.google.android.gcm.GCMBroadcastReceiver
ADDED from src/main/AndroidManifest.xml:65:9-75:20
	android:permission
		ADDED from src/main/AndroidManifest.xml:67:13-73
	android:name
		ADDED from src/main/AndroidManifest.xml:66:13-71
intent-filter#android.intent.action.SEARCH+com.google.android.c2dm.intent.RECEIVE+com.google.android.c2dm.intent.REGISTRATION+com.mycompany.apps
ADDED from src/main/AndroidManifest.xml:68:13-74:29
action#com.google.android.c2dm.intent.RECEIVE
ADDED from src/main/AndroidManifest.xml:69:17-81
	android:name
		ADDED from src/main/AndroidManifest.xml:69:25-78
action#com.google.android.c2dm.intent.REGISTRATION
ADDED from src/main/AndroidManifest.xml:70:17-86
	android:name
		ADDED from src/main/AndroidManifest.xml:70:25-83
action#android.intent.action.SEARCH
ADDED from src/main/AndroidManifest.xml:71:17-71
	android:name
		ADDED from src/main/AndroidManifest.xml:71:25-68
category#com.mycompany.apps
ADDED from src/main/AndroidManifest.xml:73:17-63
	android:name
		ADDED from src/main/AndroidManifest.xml:73:27-60
service#com.mycompany.apps.SyncService
ADDED from src/main/AndroidManifest.xml:81:9-48
	android:name
		ADDED from src/main/AndroidManifest.xml:81:18-45
activity#com.mycompany.apps.ActivityCustomer
ADDED from src/main/AndroidManifest.xml:83:9-88:70
	android:windowSoftInputMode
		ADDED from src/main/AndroidManifest.xml:88:13-67
	android:label
		ADDED from src/main/AndroidManifest.xml:86:13-29
	android:configChanges
		ADDED from src/main/AndroidManifest.xml:85:13-63
	android:theme
		ADDED from src/main/AndroidManifest.xml:87:13-52
	android:name
		ADDED from src/main/AndroidManifest.xml:84:13-45
activity#com.mycompany.apps.ReportVendorReturnActivity
ADDED from src/main/AndroidManifest.xml:90:9-94:55
	android:label
		ADDED from src/main/AndroidManifest.xml:93:13-29
	android:configChanges
		ADDED from src/main/AndroidManifest.xml:92:13-63
	android:theme
		ADDED from src/main/AndroidManifest.xml:94:13-52
	android:name
		ADDED from src/main/AndroidManifest.xml:91:13-55
activity#com.mycompany.apps.Activity_masterScreen1
ADDED from src/main/AndroidManifest.xml:96:9-101:70
	android:windowSoftInputMode
		ADDED from src/main/AndroidManifest.xml:101:13-67
	android:label
		ADDED from src/main/AndroidManifest.xml:99:13-29
	android:configChanges
		ADDED from src/main/AndroidManifest.xml:98:13-63
	android:theme
		ADDED from src/main/AndroidManifest.xml:100:13-52
	android:name
		ADDED from src/main/AndroidManifest.xml:97:13-51
activity#com.mycompany.apps.Activity_masterScreen2
ADDED from src/main/AndroidManifest.xml:102:9-107:70
	android:windowSoftInputMode
		ADDED from src/main/AndroidManifest.xml:107:13-67
	android:label
		ADDED from src/main/AndroidManifest.xml:105:13-29
	android:configChanges
		ADDED from src/main/AndroidManifest.xml:104:13-63
	android:theme
		ADDED from src/main/AndroidManifest.xml:106:13-52
	android:name
		ADDED from src/main/AndroidManifest.xml:103:13-51
activity#com.mycompany.apps.ActivityVendor
ADDED from src/main/AndroidManifest.xml:108:9-113:70
	android:windowSoftInputMode
		ADDED from src/main/AndroidManifest.xml:113:13-67
	android:label
		ADDED from src/main/AndroidManifest.xml:111:13-29
	android:configChanges
		ADDED from src/main/AndroidManifest.xml:110:13-63
	android:theme
		ADDED from src/main/AndroidManifest.xml:112:13-52
	android:name
		ADDED from src/main/AndroidManifest.xml:109:13-43
activity#com.mycompany.apps.login
ADDED from src/main/AndroidManifest.xml:114:9-119:70
	android:windowSoftInputMode
		ADDED from src/main/AndroidManifest.xml:119:13-67
	android:label
		ADDED from src/main/AndroidManifest.xml:117:13-29
	android:configChanges
		ADDED from src/main/AndroidManifest.xml:116:13-63
	android:theme
		ADDED from src/main/AndroidManifest.xml:118:13-52
	android:name
		ADDED from src/main/AndroidManifest.xml:115:13-34
activity#com.mycompany.apps.ActivityLocalProduct
ADDED from src/main/AndroidManifest.xml:120:9-125:70
	android:windowSoftInputMode
		ADDED from src/main/AndroidManifest.xml:125:13-67
	android:label
		ADDED from src/main/AndroidManifest.xml:123:13-29
	android:configChanges
		ADDED from src/main/AndroidManifest.xml:122:13-63
	android:theme
		ADDED from src/main/AndroidManifest.xml:124:13-52
	android:name
		ADDED from src/main/AndroidManifest.xml:121:13-49
activity#com.mycompany.apps.ActivityTax
ADDED from src/main/AndroidManifest.xml:127:9-132:70
	android:windowSoftInputMode
		ADDED from src/main/AndroidManifest.xml:132:13-67
	android:label
		ADDED from src/main/AndroidManifest.xml:130:13-29
	android:configChanges
		ADDED from src/main/AndroidManifest.xml:129:13-63
	android:theme
		ADDED from src/main/AndroidManifest.xml:131:13-52
	android:name
		ADDED from src/main/AndroidManifest.xml:128:13-40
activity#com.mycompany.apps.ActivityStore
ADDED from src/main/AndroidManifest.xml:133:9-138:70
	android:windowSoftInputMode
		ADDED from src/main/AndroidManifest.xml:138:13-67
	android:label
		ADDED from src/main/AndroidManifest.xml:136:13-29
	android:configChanges
		ADDED from src/main/AndroidManifest.xml:135:13-63
	android:theme
		ADDED from src/main/AndroidManifest.xml:137:13-52
	android:name
		ADDED from src/main/AndroidManifest.xml:134:13-42
activity#com.mycompany.apps.ReportSalesReturnWithInvoiceActivity
ADDED from src/main/AndroidManifest.xml:139:9-144:70
	android:windowSoftInputMode
		ADDED from src/main/AndroidManifest.xml:144:13-67
	android:label
		ADDED from src/main/AndroidManifest.xml:142:13-29
	android:configChanges
		ADDED from src/main/AndroidManifest.xml:141:13-63
	android:theme
		ADDED from src/main/AndroidManifest.xml:143:13-52
	android:name
		ADDED from src/main/AndroidManifest.xml:140:13-65
activity#com.mycompany.apps.ReportSalesReturnWithoutInvoiceActivity
ADDED from src/main/AndroidManifest.xml:145:9-150:70
	android:windowSoftInputMode
		ADDED from src/main/AndroidManifest.xml:150:13-67
	android:label
		ADDED from src/main/AndroidManifest.xml:148:13-29
	android:configChanges
		ADDED from src/main/AndroidManifest.xml:147:13-63
	android:theme
		ADDED from src/main/AndroidManifest.xml:149:13-52
	android:name
		ADDED from src/main/AndroidManifest.xml:146:13-68
activity#com.mycompany.apps.SalesReturnReportActivity
ADDED from src/main/AndroidManifest.xml:151:9-156:70
	android:windowSoftInputMode
		ADDED from src/main/AndroidManifest.xml:156:13-67
	android:label
		ADDED from src/main/AndroidManifest.xml:154:13-29
	android:configChanges
		ADDED from src/main/AndroidManifest.xml:153:13-63
	android:theme
		ADDED from src/main/AndroidManifest.xml:155:13-52
	android:name
		ADDED from src/main/AndroidManifest.xml:152:13-54
activity#com.mycompany.apps.ActivityProduct
ADDED from src/main/AndroidManifest.xml:157:9-162:70
	android:windowSoftInputMode
		ADDED from src/main/AndroidManifest.xml:162:13-67
	android:label
		ADDED from src/main/AndroidManifest.xml:160:13-29
	android:configChanges
		ADDED from src/main/AndroidManifest.xml:159:13-63
	android:theme
		ADDED from src/main/AndroidManifest.xml:161:13-52
	android:name
		ADDED from src/main/AndroidManifest.xml:158:13-44
activity#com.mycompany.apps.Activitypurchase
ADDED from src/main/AndroidManifest.xml:163:9-168:70
	android:windowSoftInputMode
		ADDED from src/main/AndroidManifest.xml:168:13-67
	android:label
		ADDED from src/main/AndroidManifest.xml:166:13-29
	android:configChanges
		ADDED from src/main/AndroidManifest.xml:165:13-63
	android:theme
		ADDED from src/main/AndroidManifest.xml:167:13-52
	android:name
		ADDED from src/main/AndroidManifest.xml:164:13-45
activity#com.mycompany.apps.ActivitySales
ADDED from src/main/AndroidManifest.xml:169:9-174:70
	android:windowSoftInputMode
		ADDED from src/main/AndroidManifest.xml:174:13-67
	android:label
		ADDED from src/main/AndroidManifest.xml:172:13-29
	android:configChanges
		ADDED from src/main/AndroidManifest.xml:171:13-63
	android:theme
		ADDED from src/main/AndroidManifest.xml:173:13-52
	android:name
		ADDED from src/main/AndroidManifest.xml:170:13-42
activity#com.mycompany.apps.ActivityDayOpen
ADDED from src/main/AndroidManifest.xml:175:9-180:70
	android:windowSoftInputMode
		ADDED from src/main/AndroidManifest.xml:180:13-67
	android:label
		ADDED from src/main/AndroidManifest.xml:178:13-29
	android:configChanges
		ADDED from src/main/AndroidManifest.xml:177:13-63
	android:theme
		ADDED from src/main/AndroidManifest.xml:179:13-52
	android:name
		ADDED from src/main/AndroidManifest.xml:176:13-44
activity#com.mycompany.apps.ActivityTender
ADDED from src/main/AndroidManifest.xml:181:9-186:70
	android:windowSoftInputMode
		ADDED from src/main/AndroidManifest.xml:186:13-67
	android:label
		ADDED from src/main/AndroidManifest.xml:184:13-29
	android:configChanges
		ADDED from src/main/AndroidManifest.xml:183:13-63
	android:theme
		ADDED from src/main/AndroidManifest.xml:185:13-52
	android:name
		ADDED from src/main/AndroidManifest.xml:182:13-43
activity#com.mycompany.apps.ActivityScheme
ADDED from src/main/AndroidManifest.xml:187:9-192:70
	android:windowSoftInputMode
		ADDED from src/main/AndroidManifest.xml:192:13-67
	android:label
		ADDED from src/main/AndroidManifest.xml:190:13-29
	android:configChanges
		ADDED from src/main/AndroidManifest.xml:189:13-63
	android:theme
		ADDED from src/main/AndroidManifest.xml:191:13-52
	android:name
		ADDED from src/main/AndroidManifest.xml:188:13-43
activity#com.mycompany.apps.ActivityMaintain
ADDED from src/main/AndroidManifest.xml:193:9-196:55
	android:label
		ADDED from src/main/AndroidManifest.xml:195:13-29
	android:theme
		ADDED from src/main/AndroidManifest.xml:196:13-52
	android:name
		ADDED from src/main/AndroidManifest.xml:194:13-45
activity#com.mycompany.apps.ActivitylocalVendor
ADDED from src/main/AndroidManifest.xml:197:9-200:55
	android:label
		ADDED from src/main/AndroidManifest.xml:199:13-29
	android:theme
		ADDED from src/main/AndroidManifest.xml:200:13-52
	android:name
		ADDED from src/main/AndroidManifest.xml:198:13-48
service#com.mycompany.apps.GCMIntentService
ADDED from src/main/AndroidManifest.xml:203:9-53
	android:name
		ADDED from src/main/AndroidManifest.xml:203:18-50
activity#com.mycompany.apps.ActivityReportMain
ADDED from src/main/AndroidManifest.xml:205:9-208:55
	android:label
		ADDED from src/main/AndroidManifest.xml:207:13-29
	android:theme
		ADDED from src/main/AndroidManifest.xml:208:13-52
	android:name
		ADDED from src/main/AndroidManifest.xml:206:13-47
activity#com.mycompany.apps.ReportActivity
ADDED from src/main/AndroidManifest.xml:209:9-212:55
	android:label
		ADDED from src/main/AndroidManifest.xml:211:13-29
	android:theme
		ADDED from src/main/AndroidManifest.xml:212:13-52
	android:name
		ADDED from src/main/AndroidManifest.xml:210:13-43
activity#com.mycompany.apps.BlinkinglogoActivity
ADDED from src/main/AndroidManifest.xml:213:9-216:55
	android:label
		ADDED from src/main/AndroidManifest.xml:215:13-29
	android:theme
		ADDED from src/main/AndroidManifest.xml:216:13-52
	android:name
		ADDED from src/main/AndroidManifest.xml:214:13-49
activity#com.mycompany.apps.ActivityMainMaintainence
ADDED from src/main/AndroidManifest.xml:217:9-220:55
	android:label
		ADDED from src/main/AndroidManifest.xml:219:13-29
	android:theme
		ADDED from src/main/AndroidManifest.xml:220:13-52
	android:name
		ADDED from src/main/AndroidManifest.xml:218:13-53
activity#com.mycompany.apps.maintainenecereport
ADDED from src/main/AndroidManifest.xml:221:9-224:55
	android:label
		ADDED from src/main/AndroidManifest.xml:223:13-29
	android:theme
		ADDED from src/main/AndroidManifest.xml:224:13-52
	android:name
		ADDED from src/main/AndroidManifest.xml:222:13-48
activity#com.mycompany.apps.Activityinternetbill
ADDED from src/main/AndroidManifest.xml:225:9-228:55
	android:label
		ADDED from src/main/AndroidManifest.xml:227:13-29
	android:theme
		ADDED from src/main/AndroidManifest.xml:228:13-52
	android:name
		ADDED from src/main/AndroidManifest.xml:226:13-49
activity#com.mycompany.apps.BiilinternetActivity
ADDED from src/main/AndroidManifest.xml:229:9-232:55
	android:label
		ADDED from src/main/AndroidManifest.xml:231:13-29
	android:theme
		ADDED from src/main/AndroidManifest.xml:232:13-52
	android:name
		ADDED from src/main/AndroidManifest.xml:230:13-49
activity#com.mycompany.apps.PurchaseActivity
ADDED from src/main/AndroidManifest.xml:233:9-237:57
	android:windowSoftInputMode
		ADDED from src/main/AndroidManifest.xml:237:13-55
	android:label
		ADDED from src/main/AndroidManifest.xml:235:13-29
	android:theme
		ADDED from src/main/AndroidManifest.xml:236:13-52
	android:name
		ADDED from src/main/AndroidManifest.xml:234:13-45
activity#com.mycompany.apps.Activity_Media
ADDED from src/main/AndroidManifest.xml:238:9-240:32
	android:label
		ADDED from src/main/AndroidManifest.xml:240:13-29
	android:name
		ADDED from src/main/AndroidManifest.xml:239:13-43
activity#com.mycompany.apps.activity_inventory
ADDED from src/main/AndroidManifest.xml:241:9-244:55
	android:label
		ADDED from src/main/AndroidManifest.xml:243:13-29
	android:theme
		ADDED from src/main/AndroidManifest.xml:244:13-52
	android:name
		ADDED from src/main/AndroidManifest.xml:242:13-47
receiver#com.mycompany.apps.GoDBSyncAlarmManager
ADDED from src/main/AndroidManifest.xml:246:9-249:39
	android:exported
		ADDED from src/main/AndroidManifest.xml:249:13-36
	android:enabled
		ADDED from src/main/AndroidManifest.xml:248:13-35
	android:name
		ADDED from src/main/AndroidManifest.xml:247:13-49
activity#com.mycompany.apps.ActivityLoyality
ADDED from src/main/AndroidManifest.xml:251:9-254:55
	android:label
		ADDED from src/main/AndroidManifest.xml:253:13-29
	android:theme
		ADDED from src/main/AndroidManifest.xml:254:13-52
	android:name
		ADDED from src/main/AndroidManifest.xml:252:13-45
activity#com.mycompany.apps.Activity_lineitem_discount
ADDED from src/main/AndroidManifest.xml:255:9-258:55
	android:label
		ADDED from src/main/AndroidManifest.xml:257:13-29
	android:theme
		ADDED from src/main/AndroidManifest.xml:258:13-52
	android:name
		ADDED from src/main/AndroidManifest.xml:256:13-55
activity#com.mycompany.apps.Activity_Top_Product
ADDED from src/main/AndroidManifest.xml:259:9-262:55
	android:label
		ADDED from src/main/AndroidManifest.xml:261:13-29
	android:theme
		ADDED from src/main/AndroidManifest.xml:262:13-52
	android:name
		ADDED from src/main/AndroidManifest.xml:260:13-49
activity#com.mycompany.apps.Activityloyalitydefine
ADDED from src/main/AndroidManifest.xml:263:9-266:55
	android:label
		ADDED from src/main/AndroidManifest.xml:265:13-29
	android:theme
		ADDED from src/main/AndroidManifest.xml:266:13-52
	android:name
		ADDED from src/main/AndroidManifest.xml:264:13-51
activity#com.mycompany.apps.Activityloyalityaccural
ADDED from src/main/AndroidManifest.xml:267:9-270:55
	android:label
		ADDED from src/main/AndroidManifest.xml:269:13-29
	android:theme
		ADDED from src/main/AndroidManifest.xml:270:13-52
	android:name
		ADDED from src/main/AndroidManifest.xml:268:13-52
activity#com.mycompany.apps.Activityreport
ADDED from src/main/AndroidManifest.xml:271:9-274:55
	android:label
		ADDED from src/main/AndroidManifest.xml:273:13-29
	android:theme
		ADDED from src/main/AndroidManifest.xml:274:13-52
	android:name
		ADDED from src/main/AndroidManifest.xml:272:13-43
activity#com.mycompany.apps.Additems
ADDED from src/main/AndroidManifest.xml:275:9-278:55
	android:label
		ADDED from src/main/AndroidManifest.xml:277:13-29
	android:theme
		ADDED from src/main/AndroidManifest.xml:278:13-52
	android:name
		ADDED from src/main/AndroidManifest.xml:276:13-37
activity#com.mycompany.apps.ActivityLoyalityCust
ADDED from src/main/AndroidManifest.xml:279:9-282:55
	android:label
		ADDED from src/main/AndroidManifest.xml:281:13-29
	android:theme
		ADDED from src/main/AndroidManifest.xml:282:13-52
	android:name
		ADDED from src/main/AndroidManifest.xml:280:13-49
activity#com.mycompany.apps.Activity_Loyalty_Report
ADDED from src/main/AndroidManifest.xml:283:9-286:55
	android:label
		ADDED from src/main/AndroidManifest.xml:285:13-29
	android:theme
		ADDED from src/main/AndroidManifest.xml:286:13-52
	android:name
		ADDED from src/main/AndroidManifest.xml:284:13-52
activity#com.mycompany.apps.LoyaltyReportActivity
ADDED from src/main/AndroidManifest.xml:287:9-290:55
	android:label
		ADDED from src/main/AndroidManifest.xml:289:13-29
	android:theme
		ADDED from src/main/AndroidManifest.xml:290:13-52
	android:name
		ADDED from src/main/AndroidManifest.xml:288:13-50
activity#com.mycompany.apps.RetailCarddefineActivity
ADDED from src/main/AndroidManifest.xml:291:9-294:55
	android:label
		ADDED from src/main/AndroidManifest.xml:293:13-29
	android:theme
		ADDED from src/main/AndroidManifest.xml:294:13-52
	android:name
		ADDED from src/main/AndroidManifest.xml:292:13-53
activity#com.mycompany.apps.ActivityInvoice
ADDED from src/main/AndroidManifest.xml:295:9-298:55
	android:label
		ADDED from src/main/AndroidManifest.xml:297:13-29
	android:theme
		ADDED from src/main/AndroidManifest.xml:298:13-52
	android:name
		ADDED from src/main/AndroidManifest.xml:296:13-44
activity#com.mycompany.apps.VendorIndirectPaymentActivity
ADDED from src/main/AndroidManifest.xml:299:9-302:55
	android:label
		ADDED from src/main/AndroidManifest.xml:301:13-29
	android:theme
		ADDED from src/main/AndroidManifest.xml:302:13-52
	android:name
		ADDED from src/main/AndroidManifest.xml:300:13-58
activity#com.mycompany.apps.VendorPaymentActivity
ADDED from src/main/AndroidManifest.xml:303:9-306:55
	android:label
		ADDED from src/main/AndroidManifest.xml:305:13-29
	android:theme
		ADDED from src/main/AndroidManifest.xml:306:13-52
	android:name
		ADDED from src/main/AndroidManifest.xml:304:13-50
activity#com.mycompany.apps.activity_inventorywithpo
ADDED from src/main/AndroidManifest.xml:307:9-311:57
	android:windowSoftInputMode
		ADDED from src/main/AndroidManifest.xml:311:13-55
	android:label
		ADDED from src/main/AndroidManifest.xml:309:13-29
	android:theme
		ADDED from src/main/AndroidManifest.xml:310:13-52
	android:name
		ADDED from src/main/AndroidManifest.xml:308:13-53
activity#com.mycompany.apps.RuleDefinationActivity
ADDED from src/main/AndroidManifest.xml:312:9-315:55
	android:label
		ADDED from src/main/AndroidManifest.xml:314:13-29
	android:theme
		ADDED from src/main/AndroidManifest.xml:315:13-52
	android:name
		ADDED from src/main/AndroidManifest.xml:313:13-51
activity#com.mycompany.apps.VendorReturnActivity
ADDED from src/main/AndroidManifest.xml:316:9-319:55
	android:label
		ADDED from src/main/AndroidManifest.xml:318:13-29
	android:theme
		ADDED from src/main/AndroidManifest.xml:319:13-52
	android:name
		ADDED from src/main/AndroidManifest.xml:317:13-49
activity#com.mycompany.apps.ActivitySalesreturn
ADDED from src/main/AndroidManifest.xml:320:9-323:55
	android:label
		ADDED from src/main/AndroidManifest.xml:322:13-29
	android:theme
		ADDED from src/main/AndroidManifest.xml:323:13-52
	android:name
		ADDED from src/main/AndroidManifest.xml:321:13-48
activity#com.mycompany.apps.Activityvendorpayment
ADDED from src/main/AndroidManifest.xml:324:9-327:55
	android:label
		ADDED from src/main/AndroidManifest.xml:326:13-29
	android:theme
		ADDED from src/main/AndroidManifest.xml:327:13-52
	android:name
		ADDED from src/main/AndroidManifest.xml:325:13-50
activity#com.mycompany.apps.ActivitySalesbill
ADDED from src/main/AndroidManifest.xml:328:9-332:57
	android:windowSoftInputMode
		ADDED from src/main/AndroidManifest.xml:332:13-55
	android:label
		ADDED from src/main/AndroidManifest.xml:330:13-29
	android:theme
		ADDED from src/main/AndroidManifest.xml:331:13-52
	android:name
		ADDED from src/main/AndroidManifest.xml:329:13-46
activity#com.mycompany.apps.Activity_Comp_Btl
ADDED from src/main/AndroidManifest.xml:333:9-336:55
	android:label
		ADDED from src/main/AndroidManifest.xml:335:13-29
	android:theme
		ADDED from src/main/AndroidManifest.xml:336:13-52
	android:name
		ADDED from src/main/AndroidManifest.xml:334:13-46
activity#com.mycompany.apps.Activity_Mfg_btl
ADDED from src/main/AndroidManifest.xml:337:9-340:55
	android:label
		ADDED from src/main/AndroidManifest.xml:339:13-29
	android:theme
		ADDED from src/main/AndroidManifest.xml:340:13-52
	android:name
		ADDED from src/main/AndroidManifest.xml:338:13-45
activity#com.mycompany.apps.UserManagementActivity
ADDED from src/main/AndroidManifest.xml:341:9-344:55
	android:label
		ADDED from src/main/AndroidManifest.xml:343:13-29
	android:theme
		ADDED from src/main/AndroidManifest.xml:344:13-52
	android:name
		ADDED from src/main/AndroidManifest.xml:342:13-51
activity#com.mycompany.apps.Activity_Salesreturn_withoutinvoiceno
ADDED from src/main/AndroidManifest.xml:345:9-348:55
	android:label
		ADDED from src/main/AndroidManifest.xml:347:13-29
	android:theme
		ADDED from src/main/AndroidManifest.xml:348:13-52
	android:name
		ADDED from src/main/AndroidManifest.xml:346:13-66
activity#com.mycompany.apps.Activitylocalproductcpg
ADDED from src/main/AndroidManifest.xml:349:9-352:55
	android:label
		ADDED from src/main/AndroidManifest.xml:351:13-29
	android:theme
		ADDED from src/main/AndroidManifest.xml:352:13-52
	android:name
		ADDED from src/main/AndroidManifest.xml:350:13-52
activity#com.mycompany.apps.Activityproductcpg
ADDED from src/main/AndroidManifest.xml:353:9-356:55
	android:label
		ADDED from src/main/AndroidManifest.xml:355:13-29
	android:theme
		ADDED from src/main/AndroidManifest.xml:356:13-52
	android:name
		ADDED from src/main/AndroidManifest.xml:354:13-47
activity#com.mycompany.apps.ProductPharmaReportActivity
ADDED from src/main/AndroidManifest.xml:357:9-362:70
	android:windowSoftInputMode
		ADDED from src/main/AndroidManifest.xml:362:13-67
	android:label
		ADDED from src/main/AndroidManifest.xml:360:13-29
	android:configChanges
		ADDED from src/main/AndroidManifest.xml:359:13-63
	android:theme
		ADDED from src/main/AndroidManifest.xml:361:13-52
	android:name
		ADDED from src/main/AndroidManifest.xml:358:13-56
activity#com.mycompany.apps.ProductCpgReportActivity
ADDED from src/main/AndroidManifest.xml:363:9-368:70
	android:windowSoftInputMode
		ADDED from src/main/AndroidManifest.xml:368:13-67
	android:label
		ADDED from src/main/AndroidManifest.xml:366:13-29
	android:configChanges
		ADDED from src/main/AndroidManifest.xml:365:13-63
	android:theme
		ADDED from src/main/AndroidManifest.xml:367:13-52
	android:name
		ADDED from src/main/AndroidManifest.xml:364:13-53
activity#com.mycompany.apps.AdTickerReportActivity
ADDED from src/main/AndroidManifest.xml:369:9-372:55
	android:label
		ADDED from src/main/AndroidManifest.xml:371:13-29
	android:theme
		ADDED from src/main/AndroidManifest.xml:372:13-52
	android:name
		ADDED from src/main/AndroidManifest.xml:370:13-51
activity#com.mycompany.apps.BlinkingLogoReportActivity
ADDED from src/main/AndroidManifest.xml:373:9-376:55
	android:label
		ADDED from src/main/AndroidManifest.xml:375:13-29
	android:theme
		ADDED from src/main/AndroidManifest.xml:376:13-52
	android:name
		ADDED from src/main/AndroidManifest.xml:374:13-55
activity#com.mycompany.apps.MainAdvertisementReportActivity
ADDED from src/main/AndroidManifest.xml:377:9-380:55
	android:label
		ADDED from src/main/AndroidManifest.xml:379:13-29
	android:theme
		ADDED from src/main/AndroidManifest.xml:380:13-52
	android:name
		ADDED from src/main/AndroidManifest.xml:378:13-60
activity#com.mycompany.apps.Activity_Doctor
ADDED from src/main/AndroidManifest.xml:381:9-385:55
	android:label
		ADDED from src/main/AndroidManifest.xml:384:13-29
	android:configChanges